[21-09-16 10:18:52] /
[21-09-16 10:18:55] /
[21-09-16 10:18:55] /
[21-09-16 10:18:56] /
[21-09-16 10:18:56] /
[21-09-16 10:42:06] /login
[21-09-16 10:42:06] /login
[21-09-16 10:42:13] /5.home.html
[21-09-16 10:42:06] /login
[21-09-16 10:42:13] /5.home.html
[21-09-16 10:42:54] /
[21-09-16 10:42:06] /login
[21-09-16 10:42:13] /5.home.html
[21-09-16 10:42:54] /
[21-09-16 10:42:54] /favicon.ico
[21-09-16 10:42:06] /login
[21-09-16 10:42:13] /5.home.html
[21-09-16 10:42:54] /
[21-09-16 10:42:54] /favicon.ico
[21-09-16 10:43:07] /5.login.html
[21-09-16 11:10:37] /
[21-09-16 11:10:37] /
[21-09-16 11:10:37] /favicon.ico
[21-09-16 11:10:37] /
[21-09-16 11:10:37] /favicon.ico
[21-09-16 11:10:42] /login
[21-09-16 11:10:37] /
[21-09-16 11:10:37] /favicon.ico
[21-09-16 11:10:42] /login
[21-09-16 11:10:57] /login?admin=1
[21-09-16 11:10:37] /
[21-09-16 11:10:37] /favicon.ico
[21-09-16 11:10:42] /login
[21-09-16 11:10:57] /login?admin=1
[21-09-16 11:11:06] /?admin=1
[21-09-16 11:10:37] /
[21-09-16 11:10:37] /favicon.ico
[21-09-16 11:10:42] /login
[21-09-16 11:10:57] /login?admin=1
[21-09-16 11:11:06] /?admin=1
[21-09-16 11:11:06] /favicon.ico
